<?xml version="1.0" encoding="UTF-8"?>
<!-- Generated by org.testng.reporters.JUnitReportReporter -->
<testsuite skipped="0" hostname="DESKTOP-QEV1T8U" name="com.testautomation.mobile.scripts.TC_LoginTest_001" tests="1" failures="0" timestamp="2021-10-05T14:52:23 IST" time="72.093" errors="0">
  <testcase name="loginTest" time="72.093" classname="com.testautomation.mobile.scripts.TC_LoginTest_001"/>
  <system-out/>
</testsuite> <!-- com.testautomation.mobile.scripts.TC_LoginTest_001 -->
