<?xml version="1.0" encoding="UTF-8"?>
<!-- Generated by org.testng.reporters.JUnitReportReporter -->
<testsuite skipped="0" hostname="DESKTOP-QEV1T8U" name="com.testautomation.mobile.scripts.TC_AddCustomerTest_003" tests="1" failures="0" timestamp="2021-10-07T14:17:37 IST" time="109.764" errors="0">
  <testcase name="addNewCustomer" time="109.764" classname="com.testautomation.mobile.scripts.TC_AddCustomerTest_003"/>
  <system-out/>
</testsuite> <!-- com.testautomation.mobile.scripts.TC_AddCustomerTest_003 -->
