<?xml version="1.0" encoding="UTF-8"?>
<!-- Generated by org.testng.reporters.JUnitReportReporter -->
<testsuite skipped="0" hostname="DESKTOP-QEV1T8U" name="com.testautomation.mobile.scripts.PageObjectTestCase" tests="1" failures="0" timestamp="2021-10-05T14:12:54 IST" time="74.206" errors="0">
  <testcase name="pageObjectTestCase" time="74.206" classname="com.testautomation.mobile.scripts.PageObjectTestCase"/>
  <system-out/>
</testsuite> <!-- com.testautomation.mobile.scripts.PageObjectTestCase -->
