<?xml version="1.0" encoding="UTF-8"?>
<!-- Generated by org.testng.reporters.JUnitReportReporter -->
<testsuite skipped="0" hostname="DESKTOP-QEV1T8U" name="com.testautomation.mobile.scripts.TC_LoginDDT_002" tests="2" failures="0" timestamp="2021-10-05T14:52:23 IST" time="161.873" errors="0">
  <testcase name="loginDDT" time="85.617" classname="com.testautomation.mobile.scripts.TC_LoginDDT_002"/>
  <system-out/>
  <testcase name="loginDDT" time="76.256" classname="com.testautomation.mobile.scripts.TC_LoginDDT_002"/>
  <system-out/>
</testsuite> <!-- com.testautomation.mobile.scripts.TC_LoginDDT_002 -->
