<?xml version="1.0" encoding="UTF-8"?>
<!-- Generated by org.testng.reporters.JUnitReportReporter -->
<testsuite skipped="0" hostname="DESKTOP-QEV1T8U" name="com.testautomation.mobile.scripts.TC_LoginTest_001" tests="1" failures="0" timestamp="08 Oct 2021 09:54:08 GMT" time="146.363" errors="0">
  <testcase name="loginTest" time="146.363" classname="com.testautomation.mobile.scripts.TC_LoginTest_001"/>
</testsuite> <!-- com.testautomation.mobile.scripts.TC_LoginTest_001 -->
